#! /c/Source/iverilog-install/bin/vvp
:ivl_version "12.0 (devel)" "(s20150603-1539-g2693dd32b)";
:ivl_delay_selection "TYPICAL";
:vpi_time_precision + 0;
:vpi_module "E:\tool_IC_design\iverilog\lib\ivl\system.vpi";
:vpi_module "E:\tool_IC_design\iverilog\lib\ivl\vhdl_sys.vpi";
:vpi_module "E:\tool_IC_design\iverilog\lib\ivl\vhdl_textio.vpi";
:vpi_module "E:\tool_IC_design\iverilog\lib\ivl\v2005_math.vpi";
:vpi_module "E:\tool_IC_design\iverilog\lib\ivl\va_math.vpi";
S_00000254726c6b90 .scope module, "mul" "mul" 2 1;
 .timescale 0 0;
    .port_info 0 /INPUT 4 "a";
    .port_info 1 /INPUT 4 "b";
    .port_info 2 /OUTPUT 8 "y";
v00000254726c6d20_0 .net *"_ivl_0", 7 0, L_000002547249e970;  1 drivers
L_000002547270be38 .functor BUFT 1, C4<0000>, C4<0>, C4<0>, C4<0>;
v000002547249e5b0_0 .net *"_ivl_3", 3 0, L_000002547270be38;  1 drivers
v000002547249e650_0 .net *"_ivl_4", 7 0, L_000002547249ea10;  1 drivers
L_000002547270be80 .functor BUFT 1, C4<0000>, C4<0>, C4<0>, C4<0>;
v000002547249e6f0_0 .net *"_ivl_7", 3 0, L_000002547270be80;  1 drivers
o00000254726c6e88 .functor BUFZ 4, C4<zzzz>; HiZ drive
v000002547249e790_0 .net "a", 3 0, o00000254726c6e88;  0 drivers
o00000254726c6eb8 .functor BUFZ 4, C4<zzzz>; HiZ drive
v000002547249e830_0 .net "b", 3 0, o00000254726c6eb8;  0 drivers
v000002547249e8d0_0 .net "y", 7 0, L_000002547249eab0;  1 drivers
L_000002547249e970 .concat [ 4 4 0 0], o00000254726c6e88, L_000002547270be38;
L_000002547249ea10 .concat [ 4 4 0 0], o00000254726c6eb8, L_000002547270be80;
L_000002547249eab0 .arith/mult 8, L_000002547249e970, L_000002547249ea10;
# The file index is used to find the file name in the following table.
:file_names 3;
    "N/A";
    "<interactive>";
    "e:\book_chip\course_ud\Practice_UVM_code\UVM_Multiplier\Verify_multiler\mul.v";
