#! /c/Source/iverilog-install/bin/vvp
:ivl_version "12.0 (devel)" "(s20150603-1539-g2693dd32b)";
:ivl_delay_selection "TYPICAL";
:vpi_time_precision + 0;
:vpi_module "E:\tool_IC_design\iverilog\lib\ivl\system.vpi";
:vpi_module "E:\tool_IC_design\iverilog\lib\ivl\vhdl_sys.vpi";
:vpi_module "E:\tool_IC_design\iverilog\lib\ivl\vhdl_textio.vpi";
:vpi_module "E:\tool_IC_design\iverilog\lib\ivl\v2005_math.vpi";
:vpi_module "E:\tool_IC_design\iverilog\lib\ivl\va_math.vpi";
S_000002163ef360a0 .scope module, "mul" "mul" 2 1;
 .timescale 0 0;
    .port_info 0 /INPUT 4 "a";
    .port_info 1 /INPUT 4 "b";
    .port_info 2 /OUTPUT 8 "y";
v000002163ef36230_0 .net *"_ivl_0", 7 0, L_000002163ef3eb40;  1 drivers
L_000002163ee8bc38 .functor BUFT 1, C4<0000>, C4<0>, C4<0>, C4<0>;
v000002163ef362d0_0 .net *"_ivl_3", 3 0, L_000002163ee8bc38;  1 drivers
v000002163ef36370_0 .net *"_ivl_4", 7 0, L_000002163ef3ebe0;  1 drivers
L_000002163ee8bc80 .functor BUFT 1, C4<0000>, C4<0>, C4<0>, C4<0>;
v000002163ef36410_0 .net *"_ivl_7", 3 0, L_000002163ee8bc80;  1 drivers
o000002163ee47098 .functor BUFZ 4, C4<zzzz>; HiZ drive
v000002163ef3e960_0 .net "a", 3 0, o000002163ee47098;  0 drivers
o000002163ee470c8 .functor BUFZ 4, C4<zzzz>; HiZ drive
v000002163ef3ea00_0 .net "b", 3 0, o000002163ee470c8;  0 drivers
v000002163ef3eaa0_0 .net "y", 7 0, L_000002163ef3ec80;  1 drivers
L_000002163ef3eb40 .concat [ 4 4 0 0], o000002163ee47098, L_000002163ee8bc38;
L_000002163ef3ebe0 .concat [ 4 4 0 0], o000002163ee470c8, L_000002163ee8bc80;
L_000002163ef3ec80 .arith/mult 8, L_000002163ef3eb40, L_000002163ef3ebe0;
# The file index is used to find the file name in the following table.
:file_names 3;
    "N/A";
    "<interactive>";
    "e:\book_chip\course_ud\Practice_UVM_code\Verify_multiler\mul.v";
